This file contains any messages produced by compilers while
running configure, to aid debugging if configure makes a mistake.

It was created by configure, which was
generated by GNU Autoconf 2.63.  Invocation command line was

  $ ./configure --with-otcl=../otcl-1.14 --with-tcl-ver=8.5.17 --with-tk-ver=8.5.17

## --------- ##
## Platform. ##
## --------- ##

hostname = i113121055
uname -m = arm64
uname -r = 22.6.0
uname -s = Darwin
uname -v = Darwin Kernel Version 22.6.0: Fri Sep 15 13:41:28 PDT 2023; root:xnu-8796.141.3.700.8~1/RELEASE_ARM64_T6020

/usr/bin/uname -p = arm
/bin/uname -X     = unknown

/bin/arch              = unknown
/usr/bin/arch -k       = unknown
/usr/convex/getsysinfo = unknown
/usr/bin/hostinfo      = Mach kernel version:
	 Darwin Kernel Version 22.6.0: Fri Sep 15 13:41:28 PDT 2023; root:xnu-8796.141.3.700.8~1/RELEASE_ARM64_T6020
Kernel configured for up to 12 processors.
12 processors are physically available.
12 processors are logically available.
Processor type: arm64e (ARM64E)
Processors active: 0 1 2 3 4 5 6 7 8 9 10 11
Primary memory available: 32.00 gigabytes
Default processor set: 559 tasks, 4755 threads, 12 processors
Load average: 3.84, Mach factor: 8.16
/bin/machine           = unknown
/usr/bin/oslevel       = unknown
/bin/universe          = unknown

PATH: /Users/stepa-kos/Desktop/vkr/practice/ns-2/ns-allinone-2.36.rc2/bin
PATH: /opt/homebrew/bin
PATH: /opt/homebrew/sbin
PATH: /Users/stepa-kos/.nvm/versions/node/v20.10.0/bin
PATH: /Users/stepa-kos/bin
PATH: /usr/local/bin
PATH: /usr/local/bin
PATH: /System/Cryptexes/App/usr/bin
PATH: /usr/bin
PATH: /bin
PATH: /usr/sbin
PATH: /sbin
PATH: /Library/TeX/texbin
PATH: /usr/local/munki
PATH: /opt/X11/bin
PATH: /var/run/com.apple.security.cryptexd/codex.system/bootstrap/usr/local/bin
PATH: /var/run/com.apple.security.cryptexd/codex.system/bootstrap/usr/bin
PATH: /var/run/com.apple.security.cryptexd/codex.system/bootstrap/usr/appleinternal/bin
PATH: /opt/homebrew/bin
PATH: /opt/homebrew/sbin
PATH: /Users/stepa-kos/.nvm/versions/node/v20.10.0/bin
PATH: /Users/stepa-kos/bin


## ----------- ##
## Core tests. ##
## ----------- ##

configure:1970: checking build system type
configure:1988: result: arm-apple-darwin22.6.0
configure:2010: checking host system type
configure:2025: result: arm-apple-darwin22.6.0
configure:2047: checking target system type
configure:2062: result: arm-apple-darwin22.6.0
configure:2139: checking for gcc
configure:2155: found /usr/bin/gcc
configure:2166: result: gcc
configure:2398: checking for C compiler version
configure:2406: gcc --version >&5
Apple clang version 14.0.3 (clang-1403.0.22.14.1)
Target: arm64-apple-darwin22.6.0
Thread model: posix
InstalledDir: /Library/Developer/CommandLineTools/usr/bin
configure:2410: $? = 0
configure:2417: gcc -v >&5
Apple clang version 14.0.3 (clang-1403.0.22.14.1)
Target: arm64-apple-darwin22.6.0
Thread model: posix
InstalledDir: /Library/Developer/CommandLineTools/usr/bin
configure:2421: $? = 0
configure:2428: gcc -V >&5
clang: error: argument to '-V' is missing (expected 1 value)
clang: error: no input files
configure:2432: $? = 1
configure:2455: checking for C compiler default output file name
configure:2477: gcc   -framework CoreFoundation conftest.c  >&5
configure:2481: $? = 0
configure:2519: result: a.out
configure:2538: checking whether the C compiler works
configure:2548: ./a.out
configure:2552: $? = 0
configure:2571: result: yes
configure:2578: checking whether we are cross compiling
configure:2580: result: no
configure:2583: checking for suffix of executables
configure:2590: gcc -o conftest   -framework CoreFoundation conftest.c  >&5
configure:2594: $? = 0
configure:2620: result: 
configure:2626: checking for suffix of object files
configure:2652: gcc -c   conftest.c >&5
configure:2656: $? = 0
configure:2681: result: o
configure:2685: checking whether we are using the GNU C compiler
configure:2714: gcc -c   conftest.c >&5
configure:2721: $? = 0
configure:2738: result: yes
configure:2747: checking whether gcc accepts -g
configure:2777: gcc -c -g  conftest.c >&5
configure:2784: $? = 0
configure:2885: result: yes
configure:2902: checking for gcc option to accept ISO C89
configure:2976: gcc  -c -g -O2  conftest.c >&5
conftest.c:15:14: warning: a function declaration without a prototype is deprecated in all versions of C and is not supported in C2x [-Wdeprecated-non-prototype]
static char *e (p, i)
             ^
1 warning generated.
configure:2983: $? = 0
configure:3006: result: none needed
configure:3082: checking for g++
configure:3098: found /usr/bin/g++
configure:3109: result: g++
configure:3136: checking for C++ compiler version
configure:3144: g++ --version >&5
Apple clang version 14.0.3 (clang-1403.0.22.14.1)
Target: arm64-apple-darwin22.6.0
Thread model: posix
InstalledDir: /Library/Developer/CommandLineTools/usr/bin
configure:3148: $? = 0
configure:3155: g++ -v >&5
Apple clang version 14.0.3 (clang-1403.0.22.14.1)
Target: arm64-apple-darwin22.6.0
Thread model: posix
InstalledDir: /Library/Developer/CommandLineTools/usr/bin
configure:3159: $? = 0
configure:3166: g++ -V >&5
clang: error: argument to '-V' is missing (expected 1 value)
clang: error: no input files
configure:3170: $? = 1
configure:3173: checking whether we are using the GNU C++ compiler
configure:3202: g++ -c   conftest.cpp >&5
configure:3209: $? = 0
configure:3226: result: yes
configure:3235: checking whether g++ accepts -g
configure:3265: g++ -c -g  conftest.cpp >&5
configure:3272: $? = 0
configure:3373: result: yes
configure:3402: checking how to run the C preprocessor
configure:3442: gcc -E  conftest.c
configure:3449: $? = 0
configure:3480: gcc -E  conftest.c
conftest.c:8:10: fatal error: 'ac_nonexistent.h' file not found
#include <ac_nonexistent.h>
         ^~~~~~~~~~~~~~~~~~
1 error generated.
configure:3487: $? = 1
configure: failed program was:
| /* confdefs.h.  */
| #define PACKAGE_NAME ""
| #define PACKAGE_TARNAME ""
| #define PACKAGE_VERSION ""
| #define PACKAGE_STRING ""
| #define PACKAGE_BUGREPORT ""
| /* end confdefs.h.  */
| #include <ac_nonexistent.h>
configure:3520: result: gcc -E
configure:3549: gcc -E  conftest.c
configure:3556: $? = 0
configure:3587: gcc -E  conftest.c
conftest.c:8:10: fatal error: 'ac_nonexistent.h' file not found
#include <ac_nonexistent.h>
         ^~~~~~~~~~~~~~~~~~
1 error generated.
configure:3594: $? = 1
configure: failed program was:
| /* confdefs.h.  */
| #define PACKAGE_NAME ""
| #define PACKAGE_TARNAME ""
| #define PACKAGE_VERSION ""
| #define PACKAGE_STRING ""
| #define PACKAGE_BUGREPORT ""
| /* end confdefs.h.  */
| #include <ac_nonexistent.h>
configure:3634: checking for grep that handles long lines and -e
configure:3694: result: /usr/bin/grep
configure:3699: checking for egrep
configure:3763: result: /usr/bin/grep -E
configure:3768: checking for ANSI C header files
configure:3798: gcc -c -g -O2  conftest.c >&5
configure:3805: $? = 0
configure:3904: gcc -o conftest -g -O2  -framework CoreFoundation conftest.c  >&5
configure:3908: $? = 0
configure:3914: ./conftest
configure:3918: $? = 0
configure:3936: result: yes
configure:3960: checking for sys/types.h
configure:3981: gcc -c -g -O2  conftest.c >&5
configure:3988: $? = 0
configure:4005: result: yes
configure:3960: checking for sys/stat.h
configure:3981: gcc -c -g -O2  conftest.c >&5
configure:3988: $? = 0
configure:4005: result: yes
configure:3960: checking for stdlib.h
configure:3981: gcc -c -g -O2  conftest.c >&5
configure:3988: $? = 0
configure:4005: result: yes
configure:3960: checking for string.h
configure:3981: gcc -c -g -O2  conftest.c >&5
configure:3988: $? = 0
configure:4005: result: yes
configure:3960: checking for memory.h
configure:3981: gcc -c -g -O2  conftest.c >&5
configure:3988: $? = 0
configure:4005: result: yes
configure:3960: checking for strings.h
configure:3981: gcc -c -g -O2  conftest.c >&5
configure:3988: $? = 0
configure:4005: result: yes
configure:3960: checking for inttypes.h
configure:3981: gcc -c -g -O2  conftest.c >&5
configure:3988: $? = 0
configure:4005: result: yes
configure:3960: checking for stdint.h
configure:3981: gcc -c -g -O2  conftest.c >&5
configure:3988: $? = 0
configure:4005: result: yes
configure:3960: checking for unistd.h
configure:3981: gcc -c -g -O2  conftest.c >&5
configure:3988: $? = 0
configure:4005: result: yes
configure:4024: checking for string.h
configure:4031: result: yes
configure:4175: checking for main in -lXbsd
configure:4204: gcc -o conftest -g -O2  -framework CoreFoundation conftest.c -lXbsd   >&5
ld: library not found for -lXbsd
clang: error: linker command failed with exit code 1 (use -v to see invocation)
configure:4211: $? = 1
configure: failed program was:
| /* confdefs.h.  */
| #define PACKAGE_NAME ""
| #define PACKAGE_TARNAME ""
| #define PACKAGE_VERSION ""
| #define PACKAGE_STRING ""
| #define PACKAGE_BUGREPORT ""
| #define STDC_HEADERS 1
| #define HAVE_SYS_TYPES_H 1
| #define HAVE_SYS_STAT_H 1
| #define HAVE_STDLIB_H 1
| #define HAVE_STRING_H 1
| #define HAVE_MEMORY_H 1
| #define HAVE_STRINGS_H 1
| #define HAVE_INTTYPES_H 1
| #define HAVE_STDINT_H 1
| #define HAVE_UNISTD_H 1
| #define HAVE_STRING_H 1
| /* end confdefs.h.  */
| 
| 
| int
| main ()
| {
| return main ();
|   ;
|   return 0;
| }
configure:4232: result: no
configure:4238: checking for socket in -lsocket
configure:4273: gcc -o conftest -g -O2  -framework CoreFoundation conftest.c -lsocket   >&5
ld: library not found for -lsocket
clang: error: linker command failed with exit code 1 (use -v to see invocation)
configure:4280: $? = 1
configure: failed program was:
| /* confdefs.h.  */
| #define PACKAGE_NAME ""
| #define PACKAGE_TARNAME ""
| #define PACKAGE_VERSION ""
| #define PACKAGE_STRING ""
| #define PACKAGE_BUGREPORT ""
| #define STDC_HEADERS 1
| #define HAVE_SYS_TYPES_H 1
| #define HAVE_SYS_STAT_H 1
| #define HAVE_STDLIB_H 1
| #define HAVE_STRING_H 1
| #define HAVE_MEMORY_H 1
| #define HAVE_STRINGS_H 1
| #define HAVE_INTTYPES_H 1
| #define HAVE_STDINT_H 1
| #define HAVE_UNISTD_H 1
| #define HAVE_STRING_H 1
| /* end confdefs.h.  */
| 
| /* Override any GCC internal prototype to avoid an error.
|    Use char because int might match the return type of a GCC
|    builtin and then its argument prototype would still apply.  */
| #ifdef __cplusplus
| extern "C"
| #endif
| char socket ();
| int
| main ()
| {
| return socket ();
|   ;
|   return 0;
| }
configure:4301: result: no
configure:4307: checking for gethostbyname in -lnsl
configure:4342: gcc -o conftest -g -O2  -framework CoreFoundation conftest.c -lnsl   >&5
ld: library not found for -lnsl
clang: error: linker command failed with exit code 1 (use -v to see invocation)
configure:4349: $? = 1
configure: failed program was:
| /* confdefs.h.  */
| #define PACKAGE_NAME ""
| #define PACKAGE_TARNAME ""
| #define PACKAGE_VERSION ""
| #define PACKAGE_STRING ""
| #define PACKAGE_BUGREPORT ""
| #define STDC_HEADERS 1
| #define HAVE_SYS_TYPES_H 1
| #define HAVE_SYS_STAT_H 1
| #define HAVE_STDLIB_H 1
| #define HAVE_STRING_H 1
| #define HAVE_MEMORY_H 1
| #define HAVE_STRINGS_H 1
| #define HAVE_INTTYPES_H 1
| #define HAVE_STDINT_H 1
| #define HAVE_UNISTD_H 1
| #define HAVE_STRING_H 1
| /* end confdefs.h.  */
| 
| /* Override any GCC internal prototype to avoid an error.
|    Use char because int might match the return type of a GCC
|    builtin and then its argument prototype would still apply.  */
| #ifdef __cplusplus
| extern "C"
| #endif
| char gethostbyname ();
| int
| main ()
| {
| return gethostbyname ();
|   ;
|   return 0;
| }
configure:4370: result: no
configure:4376: checking for dcgettext in -lintl
configure:4411: gcc -o conftest -g -O2  -framework CoreFoundation conftest.c -lintl   >&5
ld: library not found for -lintl
clang: error: linker command failed with exit code 1 (use -v to see invocation)
configure:4418: $? = 1
configure: failed program was:
| /* confdefs.h.  */
| #define PACKAGE_NAME ""
| #define PACKAGE_TARNAME ""
| #define PACKAGE_VERSION ""
| #define PACKAGE_STRING ""
| #define PACKAGE_BUGREPORT ""
| #define STDC_HEADERS 1
| #define HAVE_SYS_TYPES_H 1
| #define HAVE_SYS_STAT_H 1
| #define HAVE_STDLIB_H 1
| #define HAVE_STRING_H 1
| #define HAVE_MEMORY_H 1
| #define HAVE_STRINGS_H 1
| #define HAVE_INTTYPES_H 1
| #define HAVE_STDINT_H 1
| #define HAVE_UNISTD_H 1
| #define HAVE_STRING_H 1
| /* end confdefs.h.  */
| 
| /* Override any GCC internal prototype to avoid an error.
|    Use char because int might match the return type of a GCC
|    builtin and then its argument prototype would still apply.  */
| #ifdef __cplusplus
| extern "C"
| #endif
| char dcgettext ();
| int
| main ()
| {
| return dcgettext ();
|   ;
|   return 0;
| }
configure:4439: result: no
configure:4445: checking for getnodebyname in -ldnet_stub
configure:4480: gcc -o conftest -g -O2  -framework CoreFoundation conftest.c -ldnet_stub   >&5
ld: library not found for -ldnet_stub
clang: error: linker command failed with exit code 1 (use -v to see invocation)
configure:4487: $? = 1
configure: failed program was:
| /* confdefs.h.  */
| #define PACKAGE_NAME ""
| #define PACKAGE_TARNAME ""
| #define PACKAGE_VERSION ""
| #define PACKAGE_STRING ""
| #define PACKAGE_BUGREPORT ""
| #define STDC_HEADERS 1
| #define HAVE_SYS_TYPES_H 1
| #define HAVE_SYS_STAT_H 1
| #define HAVE_STDLIB_H 1
| #define HAVE_STRING_H 1
| #define HAVE_MEMORY_H 1
| #define HAVE_STRINGS_H 1
| #define HAVE_INTTYPES_H 1
| #define HAVE_STDINT_H 1
| #define HAVE_UNISTD_H 1
| #define HAVE_STRING_H 1
| /* end confdefs.h.  */
| 
| /* Override any GCC internal prototype to avoid an error.
|    Use char because int might match the return type of a GCC
|    builtin and then its argument prototype would still apply.  */
| #ifdef __cplusplus
| extern "C"
| #endif
| char getnodebyname ();
| int
| main ()
| {
| return getnodebyname ();
|   ;
|   return 0;
| }
configure:4508: result: no
configure:4554: checking that g++ can handle -O2
configure:4585: gcc -c -g -O2  conftest.c >&5
conftest.c:25:3: error: use of undeclared identifier 'error'
                error
                ^
1 error generated.
configure:4592: $? = 1
configure: failed program was:
| /* confdefs.h.  */
| #define PACKAGE_NAME ""
| #define PACKAGE_TARNAME ""
| #define PACKAGE_VERSION ""
| #define PACKAGE_STRING ""
| #define PACKAGE_BUGREPORT ""
| #define STDC_HEADERS 1
| #define HAVE_SYS_TYPES_H 1
| #define HAVE_SYS_STAT_H 1
| #define HAVE_STDLIB_H 1
| #define HAVE_STRING_H 1
| #define HAVE_MEMORY_H 1
| #define HAVE_STRINGS_H 1
| #define HAVE_INTTYPES_H 1
| #define HAVE_STDINT_H 1
| #define HAVE_UNISTD_H 1
| #define HAVE_STRING_H 1
| /* end confdefs.h.  */
| 
| int
| main ()
| {
| #if __GNUC__ < 2  || __GNUC_MINOR__ < 8
| 		/* gcc */
| 		error
| 		#endif
| 		#if __GNUC_MINOR__ < 92
| 		/* egcs */
| 		int error;
| 		#endif
| 
|   ;
|   return 0;
| }
configure:4605: result: no
configure:4681: checking standard STL is available
configure:4717: g++ -c -g -O2  conftest.cpp >&5
conftest.cpp:20:11: fatal error: 'hash_map' file not found
        #include <hash_map>
                 ^~~~~~~~~~
1 error generated.
configure:4724: $? = 1
configure: failed program was:
| /* confdefs.h.  */
| #define PACKAGE_NAME ""
| #define PACKAGE_TARNAME ""
| #define PACKAGE_VERSION ""
| #define PACKAGE_STRING ""
| #define PACKAGE_BUGREPORT ""
| #define STDC_HEADERS 1
| #define HAVE_SYS_TYPES_H 1
| #define HAVE_SYS_STAT_H 1
| #define HAVE_STDLIB_H 1
| #define HAVE_STRING_H 1
| #define HAVE_MEMORY_H 1
| #define HAVE_STRINGS_H 1
| #define HAVE_INTTYPES_H 1
| #define HAVE_STDINT_H 1
| #define HAVE_UNISTD_H 1
| #define HAVE_STRING_H 1
| /* end confdefs.h.  */
| #include <list>
| 	#include <hash_map>
| 	template <class _T> class tlist : public list <_T> {};
| 
| int
| main ()
| {
| return 0;
| 
|   ;
|   return 0;
| }
configure:4736: result: no
configure:4829: checking for ranlib
configure:4845: found /usr/bin/ranlib
configure:4856: result: ranlib
configure:4884: checking for snprintf
configure:4940: gcc -o conftest -g -O2  -framework CoreFoundation conftest.c  >&5
conftest.c:42:6: warning: incompatible redeclaration of library function 'snprintf' [-Wincompatible-library-redeclaration]
char snprintf ();
     ^
conftest.c:42:6: note: 'snprintf' is a builtin with type 'int (char *, unsigned long, const char *, ...)'
1 warning generated.
configure:4947: $? = 0
configure:4969: result: yes
configure:4981: checking for ANSI C header files
configure:5149: result: yes
configure:5166: checking for strtoq
configure:5222: gcc -o conftest -g -O2  -framework CoreFoundation conftest.c  >&5
configure:5229: $? = 0
configure:5251: result: yes
configure:5166: checking for strtoll
configure:5222: gcc -o conftest -g -O2  -framework CoreFoundation conftest.c  >&5
conftest.c:45:6: warning: incompatible redeclaration of library function 'strtoll' [-Wincompatible-library-redeclaration]
char strtoll ();
     ^
conftest.c:45:6: note: 'strtoll' is a builtin with type 'long long (const char *, char **, int)'
1 warning generated.
configure:5229: $? = 0
configure:5251: result: yes
configure:5272: checking size of long
configure:5577: gcc -o conftest -g -O2  -framework CoreFoundation conftest.c  >&5
configure:5581: $? = 0
configure:5587: ./conftest
configure:5591: $? = 0
configure:5617: result: 8
configure:5630: checking for strtol
configure:5686: gcc -o conftest -g -O2  -framework CoreFoundation conftest.c  >&5
conftest.c:47:6: warning: incompatible redeclaration of library function 'strtol' [-Wincompatible-library-redeclaration]
char strtol ();
     ^
conftest.c:47:6: note: 'strtol' is a builtin with type 'long (const char *, char **, int)'
1 warning generated.
configure:5693: $? = 0
configure:5713: result: yes
configure:5718: checking for __int64_t
configure:5743: gcc -o conftest -g -O2  -framework CoreFoundation conftest.c  >&5
conftest.c:25:1: warning: type specifier missing, defaults to 'int' [-Wimplicit-int]
main() { __int64_t x; exit (sizeof(x) >= 8 ? 0 : 1); }
^
conftest.c:25:19: error: expected ';' after expression
main() { __int64_t x; exit (sizeof(x) >= 8 ? 0 : 1); }
                  ^
                  ;
conftest.c:25:10: error: use of undeclared identifier '__int64_t'
main() { __int64_t x; exit (sizeof(x) >= 8 ? 0 : 1); }
         ^
conftest.c:25:20: error: use of undeclared identifier 'x'
main() { __int64_t x; exit (sizeof(x) >= 8 ? 0 : 1); }
                   ^
conftest.c:25:23: error: call to undeclared library function 'exit' with type 'void (int) __attribute__((noreturn))'; ISO C99 and later do not support implicit function declarations [-Wimplicit-function-declaration]
main() { __int64_t x; exit (sizeof(x) >= 8 ? 0 : 1); }
                      ^
conftest.c:25:23: note: include the header <stdlib.h> or explicitly provide a declaration for 'exit'
conftest.c:25:36: error: use of undeclared identifier 'x'
main() { __int64_t x; exit (sizeof(x) >= 8 ? 0 : 1); }
                                   ^
1 warning and 5 errors generated.
configure:5747: $? = 1
configure: program exited with status 1
configure: failed program was:
| /* confdefs.h.  */
| #define PACKAGE_NAME ""
| #define PACKAGE_TARNAME ""
| #define PACKAGE_VERSION ""
| #define PACKAGE_STRING ""
| #define PACKAGE_BUGREPORT ""
| #define STDC_HEADERS 1
| #define HAVE_SYS_TYPES_H 1
| #define HAVE_SYS_STAT_H 1
| #define HAVE_STDLIB_H 1
| #define HAVE_STRING_H 1
| #define HAVE_MEMORY_H 1
| #define HAVE_STRINGS_H 1
| #define HAVE_INTTYPES_H 1
| #define HAVE_STDINT_H 1
| #define HAVE_UNISTD_H 1
| #define HAVE_STRING_H 1
| #define HAVE_SNPRINTF 1
| #define STDC_HEADERS 1
| #define HAVE_STRTOQ 1
| #define HAVE_STRTOLL 1
| #define SIZEOF_LONG 8
| /* end confdefs.h.  */
| 
| main() { __int64_t x; exit (sizeof(x) >= 8 ? 0 : 1); }
| 
configure:5774: result: no
configure:5780: checking for long long
configure:5805: gcc -o conftest -g -O2  -framework CoreFoundation conftest.c  >&5
conftest.c:25:1: warning: type specifier missing, defaults to 'int' [-Wimplicit-int]
main() { long long x; exit (sizeof(x) >= 8 ? 0 : 1); }
^
conftest.c:25:23: error: call to undeclared library function 'exit' with type 'void (int) __attribute__((noreturn))'; ISO C99 and later do not support implicit function declarations [-Wimplicit-function-declaration]
main() { long long x; exit (sizeof(x) >= 8 ? 0 : 1); }
                      ^
conftest.c:25:23: note: include the header <stdlib.h> or explicitly provide a declaration for 'exit'
1 warning and 1 error generated.
configure:5809: $? = 1
configure: program exited with status 1
configure: failed program was:
| /* confdefs.h.  */
| #define PACKAGE_NAME ""
| #define PACKAGE_TARNAME ""
| #define PACKAGE_VERSION ""
| #define PACKAGE_STRING ""
| #define PACKAGE_BUGREPORT ""
| #define STDC_HEADERS 1
| #define HAVE_SYS_TYPES_H 1
| #define HAVE_SYS_STAT_H 1
| #define HAVE_STDLIB_H 1
| #define HAVE_STRING_H 1
| #define HAVE_MEMORY_H 1
| #define HAVE_STRINGS_H 1
| #define HAVE_INTTYPES_H 1
| #define HAVE_STDINT_H 1
| #define HAVE_UNISTD_H 1
| #define HAVE_STRING_H 1
| #define HAVE_SNPRINTF 1
| #define STDC_HEADERS 1
| #define HAVE_STRTOQ 1
| #define HAVE_STRTOLL 1
| #define SIZEOF_LONG 8
| /* end confdefs.h.  */
| 
| main() { long long x; exit (sizeof(x) >= 8 ? 0 : 1); }
| 
configure:5836: result: no
configure:5844: checking for int64_t
configure:5870: result: yes
configure:5881: checking which kind of 64-bit int to use
configure:5894: result: int64_t
configure:6126: checking for tcl.h
configure:6174: result: -I../include
configure:6180: checking for tclInt.h
configure:6228: result: -I../include
configure:6234: checking for libtcl8.5
configure:6298: result: -L../lib -ltcl8.5
configure:6304: checking for init.tcl
configure:6343: result: ../lib/tcl8.5
configure:6361: checking for http.tcl
configure:6400: result: ../lib/tcl8.5/http1.0
configure:6405: checking Tcl http.tcl library
configure:6409: result: yes
configure:6432: checking for tclsh8.5.17
configure:6465: result: no
configure:6432: checking for tclsh8.5
configure:6450: found ../bin/tclsh8.5
configure:6462: result: ../bin/tclsh8.5
configure:6706: checking for tk.h
configure:6754: result: -I../include
configure:6760: checking for libtk8.5
configure:6824: result: -L../lib -ltk8.5
configure:6830: checking for tk.tcl
configure:6869: result: ../lib/tk8.5
configure:6968: checking for otcl.h
configure:7016: result: -I../otcl-1.14
configure:7022: checking for libotcl1.14
configure:7086: result: -L../otcl-1.14 -lotcl
configure:7180: gcc -E  conftest.c
conftest.c:32:10: fatal error: 'X11/Intrinsic.h' file not found
#include <X11/Intrinsic.h>
         ^~~~~~~~~~~~~~~~~
1 error generated.
configure:7187: $? = 1
configure: failed program was:
| /* confdefs.h.  */
| #define PACKAGE_NAME ""
| #define PACKAGE_TARNAME ""
| #define PACKAGE_VERSION ""
| #define PACKAGE_STRING ""
| #define PACKAGE_BUGREPORT ""
| #define STDC_HEADERS 1
| #define HAVE_SYS_TYPES_H 1
| #define HAVE_SYS_STAT_H 1
| #define HAVE_STDLIB_H 1
| #define HAVE_STRING_H 1
| #define HAVE_MEMORY_H 1
| #define HAVE_STRINGS_H 1
| #define HAVE_INTTYPES_H 1
| #define HAVE_STDINT_H 1
| #define HAVE_UNISTD_H 1
| #define HAVE_STRING_H 1
| #define HAVE_SNPRINTF 1
| #define STDC_HEADERS 1
| #define HAVE_STRTOQ 1
| #define HAVE_STRTOLL 1
| #define SIZEOF_LONG 8
| #define HAVE_INT64 1
| #define HAVE_TCL_H 1
| #define HAVE_TCLINT_H 1
| #define HAVE_LIBTCL8_5 1
| #define HAVE_TK_H 1
| #define HAVE_LIBTK8_5 1
| #define HAVE_OTCL_H 1
| #define HAVE_LIBOTCL1_14 1
| /* end confdefs.h.  */
| #include <X11/Intrinsic.h>
configure:7221: checking for XOpenDisplay in -lX11
configure:7256: gcc -o conftest -g -O2  -framework CoreFoundation conftest.c -lX11   >&5
ld: library not found for -lX11
clang: error: linker command failed with exit code 1 (use -v to see invocation)
configure:7263: $? = 1
configure: failed program was:
| /* confdefs.h.  */
| #define PACKAGE_NAME ""
| #define PACKAGE_TARNAME ""
| #define PACKAGE_VERSION ""
| #define PACKAGE_STRING ""
| #define PACKAGE_BUGREPORT ""
| #define STDC_HEADERS 1
| #define HAVE_SYS_TYPES_H 1
| #define HAVE_SYS_STAT_H 1
| #define HAVE_STDLIB_H 1
| #define HAVE_STRING_H 1
| #define HAVE_MEMORY_H 1
| #define HAVE_STRINGS_H 1
| #define HAVE_INTTYPES_H 1
| #define HAVE_STDINT_H 1
| #define HAVE_UNISTD_H 1
| #define HAVE_STRING_H 1
| #define HAVE_SNPRINTF 1
| #define STDC_HEADERS 1
| #define HAVE_STRTOQ 1
| #define HAVE_STRTOLL 1
| #define SIZEOF_LONG 8
| #define HAVE_INT64 1
| #define HAVE_TCL_H 1
| #define HAVE_TCLINT_H 1
| #define HAVE_LIBTCL8_5 1
| #define HAVE_TK_H 1
| #define HAVE_LIBTK8_5 1
| #define HAVE_OTCL_H 1
| #define HAVE_LIBOTCL1_14 1
| /* end confdefs.h.  */
| 
| /* Override any GCC internal prototype to avoid an error.
|    Use char because int might match the return type of a GCC
|    builtin and then its argument prototype would still apply.  */
| #ifdef __cplusplus
| extern "C"
| #endif
| char XOpenDisplay ();
| int
| main ()
| {
| return XOpenDisplay ();
|   ;
|   return 0;
| }
configure:7284: result: no
configure:7562: checking for zlib.h
configure:7595: result: no
configure:7616: checking for libz1.1.3
configure:7661: result: no
configure:7949: checking system version (for system-dependent libraries)
configure:7969: result: Darwin-22.6.0
configure:8003: checking for unistd.h
configure:8008: result: yes
configure:8198: checking for a BSD-compatible install
configure:8266: result: /usr/bin/install -c
configure:8383: creating ./config.status

## ---------------------- ##
## Running config.status. ##
## ---------------------- ##

This file was extended by config.status, which was
generated by GNU Autoconf 2.63.  Invocation command line was

  CONFIG_FILES    = 
  CONFIG_HEADERS  = 
  CONFIG_LINKS    = 
  CONFIG_COMMANDS = 
  $ ./config.status 

on i113121055

config.status:791: creating Makefile
config.status:791: creating config.h

## ---------------- ##
## Cache variables. ##
## ---------------- ##

ac_cv_build=arm-apple-darwin22.6.0
ac_cv_c_compiler_gnu=yes
ac_cv_cxx_compiler_gnu=yes
ac_cv_env_CCC_set=
ac_cv_env_CCC_value=
ac_cv_env_CC_set=
ac_cv_env_CC_value=
ac_cv_env_CFLAGS_set=
ac_cv_env_CFLAGS_value=
ac_cv_env_CPPFLAGS_set=
ac_cv_env_CPPFLAGS_value=
ac_cv_env_CPP_set=
ac_cv_env_CPP_value=
ac_cv_env_CXXFLAGS_set=
ac_cv_env_CXXFLAGS_value=
ac_cv_env_CXX_set=
ac_cv_env_CXX_value=
ac_cv_env_LDFLAGS_set=set
ac_cv_env_LDFLAGS_value='-framework CoreFoundation'
ac_cv_env_LIBS_set=
ac_cv_env_LIBS_value=
ac_cv_env_build_alias_set=
ac_cv_env_build_alias_value=
ac_cv_env_host_alias_set=
ac_cv_env_host_alias_value=
ac_cv_env_target_alias_set=
ac_cv_env_target_alias_value=
ac_cv_func_snprintf=yes
ac_cv_func_strtol=yes
ac_cv_func_strtoll=yes
ac_cv_func_strtoq=yes
ac_cv_header_inttypes_h=yes
ac_cv_header_memory_h=yes
ac_cv_header_stdc=yes
ac_cv_header_stdint_h=yes
ac_cv_header_stdlib_h=yes
ac_cv_header_string_h=yes
ac_cv_header_strings_h=yes
ac_cv_header_sys_stat_h=yes
ac_cv_header_sys_types_h=yes
ac_cv_header_unistd_h=yes
ac_cv_host=arm-apple-darwin22.6.0
ac_cv_lib_X11_XOpenDisplay=no
ac_cv_lib_Xbsd_main=no
ac_cv_lib_dnet_stub_getnodebyname=no
ac_cv_lib_intl_dcgettext=no
ac_cv_lib_nsl_gethostbyname=no
ac_cv_lib_socket_socket=no
ac_cv_objext=o
ac_cv_path_EGREP='/usr/bin/grep -E'
ac_cv_path_GREP=/usr/bin/grep
ac_cv_path_V_TCLSH=../bin/tclsh8.5
ac_cv_path_install='/usr/bin/install -c'
ac_cv_prog_CPP='gcc -E'
ac_cv_prog_ac_ct_CC=gcc
ac_cv_prog_ac_ct_CXX=g++
ac_cv_prog_ac_ct_RANLIB=ranlib
ac_cv_prog_cc_c89=
ac_cv_prog_cc_g=yes
ac_cv_prog_cxx_g=yes
ac_cv_sizeof_long=8
ac_cv_target=arm-apple-darwin22.6.0
ac_cv_type_int64_t=yes
nsnam_cv_int64_t_HAVE_LONG_LONG=no
nsnam_cv_int64_t_HAVE___INT64_T=no

## ----------------- ##
## Output variables. ##
## ----------------- ##

CC='gcc'
CFLAGS='-g -O2'
CPP='gcc -E'
CPPFLAGS=''
CXX='g++'
CXXFLAGS='-g -O2'
DEFS='-DHAVE_CONFIG_H'
ECHO_C='\c'
ECHO_N=''
ECHO_T=''
EGREP='/usr/bin/grep -E'
EXEEXT=''
GREP='/usr/bin/grep'
INSTALL_DATA='${INSTALL} -m 644'
INSTALL_PROGRAM='${INSTALL}'
INSTALL_SCRIPT='${INSTALL}'
LDFLAGS='-framework CoreFoundation'
LIBOBJS=''
LIBS=''
LTLIBOBJS=''
OBJEXT='o'
PACKAGE_BUGREPORT=''
PACKAGE_NAME=''
PACKAGE_STRING=''
PACKAGE_TARNAME=''
PACKAGE_VERSION=''
PATH_SEPARATOR=':'
RANLIB='ranlib'
SHELL='/bin/sh'
V_ALL='libtclcl.a'
V_AR='ar cr'
V_BROKEN_OBJ='strtol.o strtoul.o'
V_CCOPT=' -Wall -Wno-write-strings -Wno-parentheses'
V_DEFINE=' -DNDEBUG -DUSE_SHM -DHAVE_UNISTD_H=1'
V_DEFINES='-DHAVE_LIBOTCL1_14 -DHAVE_OTCL_H -DHAVE_LIBTK8_5 -DHAVE_TK_H -DHAVE_LIBTCL8_5 -DHAVE_TCLINT_H -DHAVE_TCL_H '
V_INCLUDE=''
V_INCLUDES='-I/Users/stepa-kos/Desktop/vkr/practice/ns-2/ns-allinone-2.36.rc2/otcl-1.14 -I/Users/stepa-kos/Desktop/vkr/practice/ns-2/ns-allinone-2.36.rc2/include -I/Users/stepa-kos/Desktop/vkr/practice/ns-2/ns-allinone-2.36.rc2/include -I/Users/stepa-kos/Desktop/vkr/practice/ns-2/ns-allinone-2.36.rc2/include'
V_INCLUDE_X11='-I/usr/X11R6/include'
V_LIB=''
V_LIBRARY_TCL='../lib/tcl8.5'
V_LIBRARY_TK='../lib/tk8.5'
V_LIBS='-L/Users/stepa-kos/Desktop/vkr/practice/ns-2/ns-allinone-2.36.rc2/otcl-1.14 -lotcl -L/Users/stepa-kos/Desktop/vkr/practice/ns-2/ns-allinone-2.36.rc2/lib -ltk8.5 -L/Users/stepa-kos/Desktop/vkr/practice/ns-2/ns-allinone-2.36.rc2/lib -ltcl8.5'
V_LIB_OTCL='-L/Users/stepa-kos/Desktop/vkr/practice/ns-2/ns-allinone-2.36.rc2/otcl-1.14 -lotcl'
V_LIB_TCL='-L/Users/stepa-kos/Desktop/vkr/practice/ns-2/ns-allinone-2.36.rc2/lib -ltcl8.5'
V_LIB_TCLCL=''
V_LIB_TK='-L/Users/stepa-kos/Desktop/vkr/practice/ns-2/ns-allinone-2.36.rc2/lib -ltk8.5'
V_LIB_X11='-L/usr/X11R6/lib -lXext -lX11'
V_LSSCRIPT=''
V_NS_TCL_LIB_STL=''
V_OBJ=''
V_OBJ_CRYPT=''
V_RANLIB='ranlib'
V_SHELL=''
V_SIGRET='void'
V_STATIC=''
V_STLOBJ=''
V_TARCMD='tar cfh'
V_TAR_EXTRA=''
V_TAR_TARGET='darwin22.6.0'
V_TCLSH='/Users/stepa-kos/Desktop/vkr/practice/ns-2/ns-allinone-2.36.rc2/bin/tclsh8.5'
V_TCL_LIBRARY_FILES='$(TCL_BASE_LIBRARY_FILES) ../lib/tcl8.5/http1.0/http.tcl'
V_TKDOSNAMES='$(LIBRARY_TK)/optMenu.tcl $(LIBRARY_TK)/scrlbar.tcl'
ac_ct_CC='gcc'
ac_ct_CXX='g++'
bindir='${exec_prefix}/bin'
build='arm-apple-darwin22.6.0'
build_alias=''
build_cpu='arm'
build_os='darwin22.6.0'
build_vendor='apple'
datadir='${datarootdir}'
datarootdir='${prefix}/share'
docdir='${datarootdir}/doc/${PACKAGE}'
dvidir='${docdir}'
exec_prefix='${prefix}'
host='arm-apple-darwin22.6.0'
host_alias=''
host_cpu='arm'
host_os='darwin22.6.0'
host_vendor='apple'
htmldir='${docdir}'
includedir='${prefix}/include'
infodir='${datarootdir}/info'
libdir='${exec_prefix}/lib'
libexecdir='${exec_prefix}/libexec'
localedir='${datarootdir}/locale'
localstatedir='${prefix}/var'
mandir='${datarootdir}/man'
oldincludedir='/usr/include'
pdfdir='${docdir}'
prefix='/usr/local'
program_transform_name='s,x,x,'
psdir='${docdir}'
sbindir='${exec_prefix}/sbin'
sharedstatedir='${prefix}/com'
sysconfdir='${prefix}/etc'
target='arm-apple-darwin22.6.0'
target_alias=''
target_cpu='arm'
target_os='darwin22.6.0'
target_vendor='apple'

## ----------- ##
## confdefs.h. ##
## ----------- ##

#define PACKAGE_NAME ""
#define PACKAGE_TARNAME ""
#define PACKAGE_VERSION ""
#define PACKAGE_STRING ""
#define PACKAGE_BUGREPORT ""
#define STDC_HEADERS 1
#define HAVE_SYS_TYPES_H 1
#define HAVE_SYS_STAT_H 1
#define HAVE_STDLIB_H 1
#define HAVE_STRING_H 1
#define HAVE_MEMORY_H 1
#define HAVE_STRINGS_H 1
#define HAVE_INTTYPES_H 1
#define HAVE_STDINT_H 1
#define HAVE_UNISTD_H 1
#define HAVE_STRING_H 1
#define HAVE_SNPRINTF 1
#define STDC_HEADERS 1
#define HAVE_STRTOQ 1
#define HAVE_STRTOLL 1
#define SIZEOF_LONG 8
#define HAVE_INT64 1
#define HAVE_TCL_H 1
#define HAVE_TCLINT_H 1
#define HAVE_LIBTCL8_5 1
#define HAVE_TK_H 1
#define HAVE_LIBTK8_5 1
#define HAVE_OTCL_H 1
#define HAVE_LIBOTCL1_14 1

configure: exit 0
